# JRE version: OpenJDK Runtime Environment (8.0_152-b01) (build 1.8.0_152-release-915-b01)
# Java VM: OpenJDK 64-Bit Server VM (25.152-b01 mixed mode linux-amd64 compressed oops)
Heap:
 PSYoungGen      total 489984K, used 416771K [0x00000000e0000000, 0x0000000100000000, 0x0000000100000000)
  eden space 458752K, 89% used [0x00000000e0000000,0x00000000f929a148,0x00000000fc000000)
  from space 31232K, 14% used [0x00000000fc000000,0x00000000fc466cc8,0x00000000fde80000)
  to   space 31232K, 0% used [0x00000000fe180000,0x00000000fe180000,0x0000000100000000)
 ParOldGen       total 136704K, used 67894K [0x00000000a0000000, 0x00000000a8580000, 0x00000000e0000000)
  object space 136704K, 49% used [0x00000000a0000000,0x00000000a424d948,0x00000000a8580000)
 Metaspace       used 96315K, capacity 103676K, committed 103936K, reserved 1138688K
  class space    used 12110K, capacity 13670K, committed 13824K, reserved 1048576K
GC Heap History (10 events):
Event: 3096,585 GC heap before
{Heap before GC invocations=17 (full 3):
 PSYoungGen      total 472576K, used 144785K [0x00000000e0000000, 0x00000000ffc00000, 0x0000000100000000)
  eden space 454656K, 28% used [0x00000000e0000000,0x00000000e7c5aba0,0x00000000fbc00000)
  from space 17920K, 97% used [0x00000000fbc00000,0x00000000fcd09c28,0x00000000fcd80000)
  to   space 32768K, 0% used [0x00000000fdc00000,0x00000000fdc00000,0x00000000ffc00000)
 ParOldGen       total 113664K, used 74286K [0x00000000a0000000, 0x00000000a6f00000, 0x00000000e0000000)
  object space 113664K, 65% used [0x00000000a0000000,0x00000000a488bbf8,0x00000000a6f00000)
 Metaspace       used 91984K, capacity 98284K, committed 98380K, reserved 1134592K
  class space    used 11851K, capacity 13272K, committed 13312K, reserved 1048576K
Event: 3096,606 GC heap after
Heap after GC invocations=17 (full 3):
 PSYoungGen      total 487936K, used 8402K [0x00000000e0000000, 0x0000000100000000, 0x0000000100000000)
  eden space 455168K, 0% used [0x00000000e0000000,0x00000000e0000000,0x00000000fbc80000)
  from space 32768K, 25% used [0x00000000fdc00000,0x00000000fe434888,0x00000000ffc00000)
  to   space 32256K, 0% used [0x00000000fbc80000,0x00000000fbc80000,0x00000000fdc00000)
 ParOldGen       total 113664K, used 88866K [0x00000000a0000000, 0x00000000a6f00000, 0x00000000e0000000)
  object space 113664K, 78% used [0x00000000a0000000,0x00000000a56c88e8,0x00000000a6f00000)
 Metaspace       used 91984K, capacity 98284K, committed 98380K, reserved 1134592K
  class space    used 11851K, capacity 13272K, committed 13312K, reserved 1048576K
}
Event: 3096,606 GC heap before
{Heap before GC invocations=18 (full 4):
 PSYoungGen      total 487936K, used 8402K [0x00000000e0000000, 0x0000000100000000, 0x0000000100000000)
  eden space 455168K, 0% used [0x00000000e0000000,0x00000000e0000000,0x00000000fbc80000)
  from space 32768K, 25% used [0x00000000fdc00000,0x00000000fe434888,0x00000000ffc00000)
  to   space 32256K, 0% used [0x00000000fbc80000,0x00000000fbc80000,0x00000000fdc00000)
 ParOldGen       total 113664K, used 88866K [0x00000000a0000000, 0x00000000a6f00000, 0x00000000e0000000)
  object space 113664K, 78% used [0x00000000a0000000,0x00000000a56c88e8,0x00000000a6f00000)
 Metaspace       used 91984K, capacity 98284K, committed 98380K, reserved 1134592K
  class space    used 11851K, capacity 13272K, committed 13312K, reserved 1048576K
Event: 3096,798 GC heap after
Heap after GC invocations=18 (full 4):
 PSYoungGen      total 487936K, used 0K [0x00000000e0000000, 0x0000000100000000, 0x0000000100000000)
  eden space 455168K, 0% used [0x00000000e0000000,0x00000000e0000000,0x00000000fbc80000)
  from space 32768K, 0% used [0x00000000fdc00000,0x00000000fdc00000,0x00000000ffc00000)
  to   space 32256K, 0% used [0x00000000fbc80000,0x00000000fbc80000,0x00000000fdc00000)
 ParOldGen       total 136704K, used 59637K [0x00000000a0000000, 0x00000000a8580000, 0x00000000e0000000)
  object space 136704K, 43% used [0x00000000a0000000,0x00000000a3a3d6b0,0x00000000a8580000)
 Metaspace       used 89539K, capacity 94232K, committed 98380K, reserved 1134592K
  class space    used 11326K, capacity 12381K, committed 13312K, reserved 1048576K
}
Event: 3120,843 GC heap before
{Heap before GC invocations=19 (full 4):
 PSYoungGen      total 487936K, used 455168K [0x00000000e0000000, 0x0000000100000000, 0x0000000100000000)
  eden space 455168K, 100% used [0x00000000e0000000,0x00000000fbc80000,0x00000000fbc80000)
  from space 32768K, 0% used [0x00000000fdc00000,0x00000000fdc00000,0x00000000ffc00000)
  to   space 32256K, 0% used [0x00000000fbc80000,0x00000000fbc80000,0x00000000fdc00000)
 ParOldGen       total 136704K, used 59637K [0x00000000a0000000, 0x00000000a8580000, 0x00000000e0000000)
  object space 136704K, 43% used [0x00000000a0000000,0x00000000a3a3d6b0,0x00000000a8580000)
 Metaspace       used 93658K, capacity 98998K, committed 101248K, reserved 1136640K
  class space    used 11797K, capacity 13008K, committed 13440K, reserved 1048576K
Event: 3120,858 GC heap after
Heap after GC invocations=19 (full 4):
 PSYoungGen      total 487424K, used 14496K [0x00000000e0000000, 0x00000000ffc80000, 0x0000000100000000)
  eden space 455168K, 0% used [0x00000000e0000000,0x00000000e0000000,0x00000000fbc80000)
  from space 32256K, 44% used [0x00000000fbc80000,0x00000000fcaa80d0,0x00000000fdc00000)
  to   space 30720K, 0% used [0x00000000fde80000,0x00000000fde80000,0x00000000ffc80000)
 ParOldGen       total 136704K, used 59901K [0x00000000a0000000, 0x00000000a8580000, 0x00000000e0000000)
  object space 136704K, 43% used [0x00000000a0000000,0x00000000a3a7f6c8,0x00000000a8580000)
 Metaspace       used 93658K, capacity 98998K, committed 101248K, reserved 1136640K
  class space    used 11797K, capacity 13008K, committed 13440K, reserved 1048576K
}
Event: 9390,264 GC heap before
{Heap before GC invocations=20 (full 4):
 PSYoungGen      total 487424K, used 469664K [0x00000000e0000000, 0x00000000ffc80000, 0x0000000100000000)
  eden space 455168K, 100% used [0x00000000e0000000,0x00000000fbc80000,0x00000000fbc80000)
  from space 32256K, 44% used [0x00000000fbc80000,0x00000000fcaa80d0,0x00000000fdc00000)
  to   space 30720K, 0% used [0x00000000fde80000,0x00000000fde80000,0x00000000ffc80000)
 ParOldGen       total 136704K, used 59901K [0x00000000a0000000, 0x00000000a8580000, 0x00000000e0000000)
  object space 136704K, 43% used [0x00000000a0000000,0x00000000a3a7f6c8,0x00000000a8580000)
 Metaspace       used 94582K, capacity 100562K, committed 101888K, reserved 1138688K
  class space    used 11898K, capacity 13252K, committed 13568K, reserved 1048576K
Event: 9390,286 GC heap after
Heap after GC invocations=20 (full 4):
 PSYoungGen      total 489472K, used 4579K [0x00000000e0000000, 0x00000000fff80000, 0x0000000100000000)
  eden space 458752K, 0% used [0x00000000e0000000,0x00000000e0000000,0x00000000fc000000)
  from space 30720K, 14% used [0x00000000fde80000,0x00000000fe2f8df0,0x00000000ffc80000)
  to   space 31232K, 0% used [0x00000000fc000000,0x00000000fc000000,0x00000000fde80000)
 ParOldGen       total 136704K, used 66735K [0x00000000a0000000, 0x00000000a8580000, 0x00000000e0000000)
  object space 136704K, 48% used [0x00000000a0000000,0x00000000a412bef0,0x00000000a8580000)
 Metaspace       used 94582K, capacity 100562K, committed 101888K, reserved 1138688K
  class space    used 11898K, capacity 13252K, committed 13568K, reserved 1048576K
}
Event: 9739,484 GC heap before
{Heap before GC invocations=21 (full 4):
 PSYoungGen      total 489472K, used 463331K [0x00000000e0000000, 0x00000000fff80000, 0x0000000100000000)
  eden space 458752K, 100% used [0x00000000e0000000,0x00000000fc000000,0x00000000fc000000)
  from space 30720K, 14% used [0x00000000fde80000,0x00000000fe2f8df0,0x00000000ffc80000)
  to   space 31232K, 0% used [0x00000000fc000000,0x00000000fc000000,0x00000000fde80000)
 ParOldGen       total 136704K, used 66735K [0x00000000a0000000, 0x00000000a8580000, 0x00000000e0000000)
  object space 136704K, 48% used [0x00000000a0000000,0x00000000a412bef0,0x00000000a8580000)
 Metaspace       used 95844K, capacity 103048K, committed 103424K, reserved 1138688K
  class space    used 12088K, capacity 13631K, committed 13824K, reserved 1048576K
Event: 9739,490 GC heap after
Heap after GC invocations=21 (full 4):
 PSYoungGen      total 489984K, used 4507K [0x00000000e0000000, 0x0000000100000000, 0x0000000100000000)
  eden space 458752K, 0% used [0x00000000e0000000,0x00000000e0000000,0x00000000fc000000)
  from space 31232K, 14% used [0x00000000fc000000,0x00000000fc466cc8,0x00000000fde80000)
  to   space 31232K, 0% used [0x00000000fe180000,0x00000000fe180000,0x0000000100000000)
 ParOldGen       total 136704K, used 67894K [0x00000000a0000000, 0x00000000a8580000, 0x00000000e0000000)
  object space 136704K, 49% used [0x00000000a0000000,0x00000000a424d948,0x00000000a8580000)
 Metaspace       used 95844K, capacity 103048K, committed 103424K, reserved 1138688K
  class space    used 12088K, capacity 13631K, committed 13824K, reserved 1048576K
}

